
2021-11-02 21:43:09,107 Deacy 成功，系数为0.85
2021-11-02 22:02:11,604 150EP奖励给['Hunterbear', 'Bluemages', 'Ameko', 'Bansheegd', 'Ismehaha', 'Norva', 'Nons', 'Spoond', 'Keliderstoll', 'Naicha', 'Lowkeyrunner', 'Akitainu', 'Quanshaman', 'Yoohoho', 'Thewindrises', 'Queldorei', 'Miotea', 'Airbkb', 'Doublefly', 'Drfface', 'Bandaidu', 'Piapia', 'Hardblack', 'Eggbreaker']
2021-11-02 22:03:16,165 开始分配灼热之握
2021-11-02 22:04:01,536 灼热之握分配给Hardblack,当前GP6330
2021-11-02 22:05:32,768 开始分配浴火凤凰之戒
2021-11-02 22:07:53,888 浴火凤凰之戒分配取消
2021-11-02 22:32:46,584 150EP奖励给['Hunterbear', 'Bluemages', 'Ameko', 'Bansheegd', 'Ismehaha', 'Norva', 'Nons', 'Spoond', 'Keliderstoll', 'Naicha', 'Lowkeyrunner', 'Akitainu', 'Quanshaman', 'Yoohoho', 'Thewindrises', 'Queldorei', 'Miotea', 'Airbkb', 'Doublefly', 'Drfface', 'Bandaidu', 'Piapia', 'Hardblack', 'Eggbreaker']
2021-11-02 22:35:23,094 开始分配魔能机甲的活塞
2021-11-02 22:36:30,582 魔能机甲的活塞分配取消
2021-11-02 22:36:39,421 开始分配战败勇士的护肩
2021-11-02 22:37:20,629 战败勇士的护肩分配给Spoond,当前GP2431
2021-11-02 22:38:31,713 开始分配战败勇士的护肩
2021-11-02 22:39:17,490 战败勇士的护肩分配给Hardblack,当前GP7084
2021-11-02 22:40:53,321 开始分配魔能机甲的活塞
2021-11-02 22:41:22,712 魔能机甲的活塞分配给Bandaidu,当前GP3333
2021-11-02 22:47:46,276 开始分配提瑞斯法安宁指环
2021-11-02 22:52:53,228 提瑞斯法安宁指环分配取消
2021-11-02 22:53:03,727 开始分配坠落星辰束带
2021-11-02 22:54:26,116 坠落星辰束带分配给Drfface,当前GP3065
2021-11-02 23:02:31,193 150EP奖励给['Hunterbear', 'Bluemages', 'Ameko', 'Bansheegd', 'Ismehaha', 'Norva', 'Nons', 'Spoond', 'Keliderstoll', 'Naicha', 'Lowkeyrunner', 'Akitainu', 'Quanshaman', 'Yoohoho', 'Thewindrises', 'Queldorei', 'Miotea', 'Airbkb', 'Doublefly', 'Drfface', 'Bandaidu', 'Piapia', 'Hardblack', 'Eggbreaker']
2021-11-02 23:09:54,456 开始分配星魂长裤
2021-11-02 23:10:38,209 星魂长裤分配取消
2021-11-02 23:13:09,965 开始分配终结臂甲
2021-11-02 23:14:12,021 终结臂甲分配给Naicha,当前GP2658
2021-11-03 09:36:25,298 调整成功 ID: Bsky EP: 0, GP: 1146
2021-11-03 09:36:43,462 调整成功 ID: Windseeker EP: 0, GP: 1146
2021-11-03 09:37:11,240 调整成功 ID: Bsky EP: 450, GP: 1146
2021-11-03 09:37:25,462 调整成功 ID: Windseeker EP: 450, GP: 1146
2021-11-03 09:44:50,115 调整成功 ID: Airbkb Before EP: 7400, GP: 2825, After EP: 7400, GP: 2971
